platforms/android/build/outputs/apk/manifest-merger-x86-debug-report.txt
-- Merging decision tree log ---
manifest
ADDED from AndroidManifest.xml:2:1
	package
		ADDED from AndroidManifest.xml:2:101
	android:versionName
		ADDED from AndroidManifest.xml:2:73
	android:hardwareAccelerated
		ADDED from AndroidManifest.xml:2:11
	android:versionCode
		ADDED from AndroidManifest.xml:2:46
		INJECTED from AndroidManifest.xml:0:0
		INJECTED from AndroidManifest.xml:0:0
	xmlns:android
		ADDED from AndroidManifest.xml:2:128
supports-screens
ADDED from AndroidManifest.xml:3:5
	android:largeScreens
		ADDED from AndroidManifest.xml:3:49
	android:smallScreens
		ADDED from AndroidManifest.xml:3:132
	android:normalScreens
		ADDED from AndroidManifest.xml:3:77
	android:xlargeScreens
		ADDED from AndroidManifest.xml:3:160
	android:resizeable
		ADDED from AndroidManifest.xml:3:106
	android:anyDensity
		ADDED from AndroidManifest.xml:3:23
application
ADDED from AndroidManifest.xml:4:5
MERGED from com.android.support:support-v4:24.0.0-beta1:25:5
	android:label
		ADDED from AndroidManifest.xml:4:83
	android:supportsRtl
		ADDED from AndroidManifest.xml:4:116
	android:hardwareAccelerated
		ADDED from AndroidManifest.xml:4:18
	android:icon
		ADDED from AndroidManifest.xml:4:53
activity#com.zeipt.mycely.MainActivity
ADDED from AndroidManifest.xml:5:9
	android:screenOrientation
		ADDED from AndroidManifest.xml:5:195
	android:label
		ADDED from AndroidManifest.xml:5:97
	android:launchMode
		ADDED from AndroidManifest.xml:5:135
	android:windowSoftInputMode
		ADDED from AndroidManifest.xml:5:286
	android:configChanges
		ADDED from AndroidManifest.xml:5:19
	android:theme
		ADDED from AndroidManifest.xml:5:232
	android:name
		ADDED from AndroidManifest.xml:5:167
intent-filter#android.intent.action.VIEW+android.intent.category.BROWSABLE+android.intent.category.DEFAULT
ADDED from AndroidManifest.xml:6:13
action#android.intent.action.VIEW
ADDED from AndroidManifest.xml:7:17
	android:name
		ADDED from AndroidManifest.xml:7:25
category#android.intent.category.DEFAULT
ADDED from AndroidManifest.xml:8:17
	android:name
		ADDED from AndroidManifest.xml:8:27
category#android.intent.category.BROWSABLE
ADDED from AndroidManifest.xml:9:17
	android:name
		ADDED from AndroidManifest.xml:9:27
data
ADDED from AndroidManifest.xml:10:17
	android:host
		ADDED from AndroidManifest.xml:10:23
	android:scheme
		ADDED from AndroidManifest.xml:10:52
intent-filter#android.intent.action.MAIN+android.intent.category.LAUNCHER
ADDED from AndroidManifest.xml:12:13
	android:label
		ADDED from AndroidManifest.xml:12:28
action#android.intent.action.MAIN
ADDED from AndroidManifest.xml:13:17
	android:name
		ADDED from AndroidManifest.xml:13:25
category#android.intent.category.LAUNCHER
ADDED from AndroidManifest.xml:14:17
	android:name
		ADDED from AndroidManifest.xml:14:27
activity#com.google.zxing.client.android.CaptureActivity
ADDED from AndroidManifest.xml:17:9
	android:clearTaskOnLaunch
		ADDED from AndroidManifest.xml:17:19
	android:exported
		ADDED from AndroidManifest.xml:17:103
	android:windowSoftInputMode
		ADDED from AndroidManifest.xml:17:250
	android:configChanges
		ADDED from AndroidManifest.xml:17:52
	android:theme
		ADDED from AndroidManifest.xml:17:191
	android:name
		ADDED from AndroidManifest.xml:17:128
intent-filter#android.intent.category.DEFAULT+com.google.zxing.client.android.SCAN
ADDED from AndroidManifest.xml:18:13
action#com.google.zxing.client.android.SCAN
ADDED from AndroidManifest.xml:19:17
	android:name
		ADDED from AndroidManifest.xml:19:25
activity#com.google.zxing.client.android.encode.EncodeActivity
ADDED from AndroidManifest.xml:23:9
	android:label
		ADDED from AndroidManifest.xml:23:19
	android:name
		ADDED from AndroidManifest.xml:23:54
intent-filter#android.intent.category.DEFAULT+com.phonegap.plugins.barcodescanner.ENCODE
ADDED from AndroidManifest.xml:24:13
action#com.phonegap.plugins.barcodescanner.ENCODE
ADDED from AndroidManifest.xml:25:17
	android:name
		ADDED from AndroidManifest.xml:25:25
activity#com.google.zxing.client.android.HelpActivity
ADDED from AndroidManifest.xml:29:9
	android:label
		ADDED from AndroidManifest.xml:29:19
	android:name
		ADDED from AndroidManifest.xml:29:54
intent-filter#android.intent.action.VIEW+android.intent.category.DEFAULT
ADDED from AndroidManifest.xml:30:13
receiver#io.jxcore.node.ConnectivityChangeListener
ADDED from AndroidManifest.xml:35:9
	android:name
		ADDED from AndroidManifest.xml:35:19
intent-filter#android.net.conn.CONNECTIVITY_CHANGE+android.net.wifi.WIFI_STATE_CHANGED
ADDED from AndroidManifest.xml:36:13
action#android.net.conn.CONNECTIVITY_CHANGE
ADDED from AndroidManifest.xml:37:17
	android:name
		ADDED from AndroidManifest.xml:37:25
action#android.net.wifi.WIFI_STATE_CHANGED
ADDED from AndroidManifest.xml:38:17
	android:name
		ADDED from AndroidManifest.xml:38:25
receiver#com.red_folder.phonegap.plugin.backgroundservice.BootReceiver
ADDED from AndroidManifest.xml:41:9
	android:enabled
		ADDED from AndroidManifest.xml:41:19
	android:exported
		ADDED from AndroidManifest.xml:41:42
	android:name
		ADDED from AndroidManifest.xml:41:66
intent-filter#android.intent.action.BOOT_COMPLETED+android.intent.category.DEFAULT
ADDED from AndroidManifest.xml:42:13
action#android.intent.action.BOOT_COMPLETED
ADDED from AndroidManifest.xml:43:17
	android:name
		ADDED from AndroidManifest.xml:43:25
receiver#com.red_folder.phonegap.plugin.backgroundservice.sample.WakeUpReceiver
ADDED from AndroidManifest.xml:47:9
	android:name
		ADDED from AndroidManifest.xml:47:19
service#com.red_folder.phonegap.plugin.backgroundservice.sample.MyService
ADDED from AndroidManifest.xml:48:9
	android:name
		ADDED from AndroidManifest.xml:48:18
intent-filter#com.red_folder.phonegap.plugin.backgroundservice.sample.MyService
ADDED from AndroidManifest.xml:49:13
action#com.red_folder.phonegap.plugin.backgroundservice.sample.MyService
ADDED from AndroidManifest.xml:50:17
	android:name
		ADDED from AndroidManifest.xml:50:25
receiver#com.red_folder.phonegap.plugin.backgroundservice.sample.MyService
ADDED from AndroidManifest.xml:53:9
	android:name
		ADDED from AndroidManifest.xml:53:19
uses-sdk
ADDED from AndroidManifest.xml:55:5
MERGED from org.xwalk:xwalk_core_library:18.48.477.13:6:5
MERGED from com.android.support:support-v4:24.0.0-beta1:21:5
MERGED from android:CordovaLib:unspecified:debug:25:5
	tools:overrideLibrary
		ADDED from com.android.support:support-v4:24.0.0-beta1:23:9
	android:targetSdkVersion
		ADDED from AndroidManifest.xml:55:42
	android:minSdkVersion
		ADDED from AndroidManifest.xml:55:15
		INJECTED from AndroidManifest.xml:0:0
		INJECTED from AndroidManifest.xml:0:0
uses-permission#android.permission.CAMERA
ADDED from AndroidManifest.xml:56:5
	android:name
		ADDED from AndroidManifest.xml:56:22
uses-feature#android.hardware.camera
ADDED from AndroidManifest.xml:57:5
	android:required
		ADDED from AndroidManifest.xml:57:58
	android:name
		ADDED from AndroidManifest.xml:57:19
uses-permission#android.permission.WRITE_EXTERNAL_STORAGE
ADDED from AndroidManifest.xml:58:5
	android:name
		ADDED from AndroidManifest.xml:58:22
uses-permission#android.permission.RECORD_AUDIO
ADDED from AndroidManifest.xml:59:5
	android:name
		ADDED from AndroidManifest.xml:59:22
uses-permission#android.permission.MODIFY_AUDIO_SETTINGS
ADDED from AndroidManifest.xml:60:5
	android:name
		ADDED from AndroidManifest.xml:60:22
uses-permission#android.permission.INTERNET
ADDED from AndroidManifest.xml:61:5
	android:name
		ADDED from AndroidManifest.xml:61:22
uses-permission#android.permission.ACCESS_NETWORK_STATE
ADDED from AndroidManifest.xml:62:5
	android:name
		ADDED from AndroidManifest.xml:62:22
uses-permission#android.permission.BLUETOOTH_ADMIN
ADDED from AndroidManifest.xml:63:5
	android:name
		ADDED from AndroidManifest.xml:63:22
uses-permission#android.permission.CHANGE_WIFI_STATE
ADDED from AndroidManifest.xml:64:5
	android:name
		ADDED from AndroidManifest.xml:64:22
uses-permission#android.permission.BLUETOOTH
ADDED from AndroidManifest.xml:65:5
	android:name
		ADDED from AndroidManifest.xml:65:22
uses-permission#android.permission.ACCESS_WIFI_STATE
ADDED from AndroidManifest.xml:66:5
	android:name
		ADDED from AndroidManifest.xml:66:22
uses-permission#android.permission.RECEIVE_BOOT_COMPLETED
ADDED from AndroidManifest.xml:67:5
	android:name
		ADDED from AndroidManifest.xml:67:22
uses-permission#android.permission.WAKE_LOCK
ADDED from AndroidManifest.xml:68:5
	android:name
		ADDED from AndroidManifest.xml:68:22
uses-permission#android.permission.VIBRATE
ADDED from AndroidManifest.xml:69:5
	android:name
		ADDED from AndroidManifest.xml:69:22